2017-12-30 22:48:06,682 [DEBUG]-[webapp.AppServletContextListener] de.oc.integration.jasper.webapp.AppServletContextListener.contextInitialized(Unknown Source): contextInitialized() called
2017-12-30 22:48:06,686 [DEBUG]-[webapp.AppServletContextListener] de.oc.integration.jasper.webapp.AppServletContextListener.contextInitialized(Unknown Source): contextInitialized() finished!
2017-12-31 02:33:30,879 [ERROR]-[fill.JRFillSubreport] net.sf.jasperreports.engine.fill.JRFillSubreport.prepare(JRFillSubreport.java:866): Fill 1: exception
net.sf.jasperreports.engine.JRRuntimeException: java.lang.ClassNotFoundException: oracle.jdbc.OracleBlob
	at net.sf.jasperreports.engine.base.JRBaseField.getValueClass(JRBaseField.java:128)
	at net.sf.jasperreports.engine.fill.JRFillField.getValueClass(JRFillField.java:108)
	at net.sf.jasperreports.engine.JRResultSetDataSource.getFieldValue(JRResultSetDataSource.java:165)
	at net.sf.jasperreports.engine.fill.JRFillDataset.setOldValues(JRFillDataset.java:1489)
	at net.sf.jasperreports.engine.fill.JRFillDataset.next(JRFillDataset.java:1390)
	at net.sf.jasperreports.engine.fill.JRFillDataset.next(JRFillDataset.java:1366)
	at net.sf.jasperreports.engine.fill.JRBaseFiller.next(JRBaseFiller.java:1085)
	at net.sf.jasperreports.engine.fill.JRVerticalFiller.fillReport(JRVerticalFiller.java:113)
	at net.sf.jasperreports.engine.fill.JRBaseFiller.fill(JRBaseFiller.java:582)
	at net.sf.jasperreports.engine.fill.BaseReportFiller.fill(BaseReportFiller.java:396)
	at net.sf.jasperreports.engine.fill.JRFillSubreport.fillSubreport(JRFillSubreport.java:732)
	at net.sf.jasperreports.engine.fill.JRSubreportRunnable.run(JRSubreportRunnable.java:59)
	at net.sf.jasperreports.engine.fill.AbstractThreadSubreportRunner.run(AbstractThreadSubreportRunner.java:221)
	at java.util.concurrent.ThreadPoolExecutor.runWorker(ThreadPoolExecutor.java:1142)
	at java.util.concurrent.ThreadPoolExecutor$Worker.run(ThreadPoolExecutor.java:617)
	at java.lang.Thread.run(Thread.java:745)
Caused by: java.lang.ClassNotFoundException: oracle.jdbc.OracleBlob
	at org.glassfish.web.loader.WebappClassLoader.loadClass(WebappClassLoader.java:1783)
	at org.glassfish.web.loader.WebappClassLoader.loadClass(WebappClassLoader.java:1633)
	at java.lang.Class.forName0(Native Method)
	at java.lang.Class.forName(Class.java:348)
	at net.sf.jasperreports.engine.util.JRClassLoader.loadClassForRealName(JRClassLoader.java:174)
	at net.sf.jasperreports.engine.util.JRClassLoader.loadClassForName(JRClassLoader.java:114)
	at net.sf.jasperreports.engine.base.JRBaseField.getValueClass(JRBaseField.java:124)
	... 15 more
2017-12-31 02:33:30,879 [ERROR]-[fill.JRFillSubreport] net.sf.jasperreports.engine.fill.JRFillSubreport.prepare(JRFillSubreport.java:866): Fill 1: exception
net.sf.jasperreports.engine.JRRuntimeException: java.lang.ClassNotFoundException: oracle.jdbc.OracleBlob
	at net.sf.jasperreports.engine.base.JRBaseField.getValueClass(JRBaseField.java:128)
	at net.sf.jasperreports.engine.fill.JRFillField.getValueClass(JRFillField.java:108)
	at net.sf.jasperreports.engine.JRResultSetDataSource.getFieldValue(JRResultSetDataSource.java:165)
	at net.sf.jasperreports.engine.fill.JRFillDataset.setOldValues(JRFillDataset.java:1489)
	at net.sf.jasperreports.engine.fill.JRFillDataset.next(JRFillDataset.java:1390)
	at net.sf.jasperreports.engine.fill.JRFillDataset.next(JRFillDataset.java:1366)
	at net.sf.jasperreports.engine.fill.JRBaseFiller.next(JRBaseFiller.java:1085)
	at net.sf.jasperreports.engine.fill.JRVerticalFiller.fillReport(JRVerticalFiller.java:113)
	at net.sf.jasperreports.engine.fill.JRBaseFiller.fill(JRBaseFiller.java:582)
	at net.sf.jasperreports.engine.fill.BaseReportFiller.fill(BaseReportFiller.java:396)
	at net.sf.jasperreports.engine.fill.JRFillSubreport.fillSubreport(JRFillSubreport.java:732)
	at net.sf.jasperreports.engine.fill.JRSubreportRunnable.run(JRSubreportRunnable.java:59)
	at net.sf.jasperreports.engine.fill.AbstractThreadSubreportRunner.run(AbstractThreadSubreportRunner.java:221)
	at java.util.concurrent.ThreadPoolExecutor.runWorker(ThreadPoolExecutor.java:1142)
	at java.util.concurrent.ThreadPoolExecutor$Worker.run(ThreadPoolExecutor.java:617)
	at java.lang.Thread.run(Thread.java:745)
Caused by: java.lang.ClassNotFoundException: oracle.jdbc.OracleBlob
	at org.glassfish.web.loader.WebappClassLoader.loadClass(WebappClassLoader.java:1783)
	at org.glassfish.web.loader.WebappClassLoader.loadClass(WebappClassLoader.java:1633)
	at java.lang.Class.forName0(Native Method)
	at java.lang.Class.forName(Class.java:348)
	at net.sf.jasperreports.engine.util.JRClassLoader.loadClassForRealName(JRClassLoader.java:174)
	at net.sf.jasperreports.engine.util.JRClassLoader.loadClassForName(JRClassLoader.java:114)
	at net.sf.jasperreports.engine.base.JRBaseField.getValueClass(JRBaseField.java:124)
	... 15 more
2018-01-05 01:07:20,161 [ERROR]-[fill.JRFillSubreport] net.sf.jasperreports.engine.fill.JRFillSubreport.prepare(JRFillSubreport.java:866): Fill 1: exception
net.sf.jasperreports.engine.JRRuntimeException: java.lang.ClassNotFoundException: oracle.jdbc.OracleBlob
	at net.sf.jasperreports.engine.base.JRBaseField.getValueClass(JRBaseField.java:128)
	at net.sf.jasperreports.engine.fill.JRFillField.getValueClass(JRFillField.java:108)
	at net.sf.jasperreports.engine.JRResultSetDataSource.getFieldValue(JRResultSetDataSource.java:165)
	at net.sf.jasperreports.engine.fill.JRFillDataset.setOldValues(JRFillDataset.java:1489)
	at net.sf.jasperreports.engine.fill.JRFillDataset.next(JRFillDataset.java:1390)
	at net.sf.jasperreports.engine.fill.JRFillDataset.next(JRFillDataset.java:1366)
	at net.sf.jasperreports.engine.fill.JRBaseFiller.next(JRBaseFiller.java:1085)
	at net.sf.jasperreports.engine.fill.JRVerticalFiller.fillReport(JRVerticalFiller.java:113)
	at net.sf.jasperreports.engine.fill.JRBaseFiller.fill(JRBaseFiller.java:582)
	at net.sf.jasperreports.engine.fill.BaseReportFiller.fill(BaseReportFiller.java:396)
	at net.sf.jasperreports.engine.fill.JRFillSubreport.fillSubreport(JRFillSubreport.java:732)
	at net.sf.jasperreports.engine.fill.JRSubreportRunnable.run(JRSubreportRunnable.java:59)
	at net.sf.jasperreports.engine.fill.AbstractThreadSubreportRunner.run(AbstractThreadSubreportRunner.java:221)
	at java.util.concurrent.ThreadPoolExecutor.runWorker(ThreadPoolExecutor.java:1142)
	at java.util.concurrent.ThreadPoolExecutor$Worker.run(ThreadPoolExecutor.java:617)
	at java.lang.Thread.run(Thread.java:745)
Caused by: java.lang.ClassNotFoundException: oracle.jdbc.OracleBlob
	at org.glassfish.web.loader.WebappClassLoader.loadClass(WebappClassLoader.java:1783)
	at org.glassfish.web.loader.WebappClassLoader.loadClass(WebappClassLoader.java:1633)
	at java.lang.Class.forName0(Native Method)
	at java.lang.Class.forName(Class.java:348)
	at net.sf.jasperreports.engine.util.JRClassLoader.loadClassForRealName(JRClassLoader.java:174)
	at net.sf.jasperreports.engine.util.JRClassLoader.loadClassForName(JRClassLoader.java:114)
	at net.sf.jasperreports.engine.base.JRBaseField.getValueClass(JRBaseField.java:124)
	... 15 more
2018-01-05 01:07:20,161 [ERROR]-[fill.JRFillSubreport] net.sf.jasperreports.engine.fill.JRFillSubreport.prepare(JRFillSubreport.java:866): Fill 1: exception
net.sf.jasperreports.engine.JRRuntimeException: java.lang.ClassNotFoundException: oracle.jdbc.OracleBlob
	at net.sf.jasperreports.engine.base.JRBaseField.getValueClass(JRBaseField.java:128)
	at net.sf.jasperreports.engine.fill.JRFillField.getValueClass(JRFillField.java:108)
	at net.sf.jasperreports.engine.JRResultSetDataSource.getFieldValue(JRResultSetDataSource.java:165)
	at net.sf.jasperreports.engine.fill.JRFillDataset.setOldValues(JRFillDataset.java:1489)
	at net.sf.jasperreports.engine.fill.JRFillDataset.next(JRFillDataset.java:1390)
	at net.sf.jasperreports.engine.fill.JRFillDataset.next(JRFillDataset.java:1366)
	at net.sf.jasperreports.engine.fill.JRBaseFiller.next(JRBaseFiller.java:1085)
	at net.sf.jasperreports.engine.fill.JRVerticalFiller.fillReport(JRVerticalFiller.java:113)
	at net.sf.jasperreports.engine.fill.JRBaseFiller.fill(JRBaseFiller.java:582)
	at net.sf.jasperreports.engine.fill.BaseReportFiller.fill(BaseReportFiller.java:396)
	at net.sf.jasperreports.engine.fill.JRFillSubreport.fillSubreport(JRFillSubreport.java:732)
	at net.sf.jasperreports.engine.fill.JRSubreportRunnable.run(JRSubreportRunnable.java:59)
	at net.sf.jasperreports.engine.fill.AbstractThreadSubreportRunner.run(AbstractThreadSubreportRunner.java:221)
	at java.util.concurrent.ThreadPoolExecutor.runWorker(ThreadPoolExecutor.java:1142)
	at java.util.concurrent.ThreadPoolExecutor$Worker.run(ThreadPoolExecutor.java:617)
	at java.lang.Thread.run(Thread.java:745)
Caused by: java.lang.ClassNotFoundException: oracle.jdbc.OracleBlob
	at org.glassfish.web.loader.WebappClassLoader.loadClass(WebappClassLoader.java:1783)
	at org.glassfish.web.loader.WebappClassLoader.loadClass(WebappClassLoader.java:1633)
	at java.lang.Class.forName0(Native Method)
	at java.lang.Class.forName(Class.java:348)
	at net.sf.jasperreports.engine.util.JRClassLoader.loadClassForRealName(JRClassLoader.java:174)
	at net.sf.jasperreports.engine.util.JRClassLoader.loadClassForName(JRClassLoader.java:114)
	at net.sf.jasperreports.engine.base.JRBaseField.getValueClass(JRBaseField.java:124)
	... 15 more
2018-01-05 01:07:43,730 [ERROR]-[fill.JRFillSubreport] net.sf.jasperreports.engine.fill.JRFillSubreport.prepare(JRFillSubreport.java:866): Fill 1: exception
net.sf.jasperreports.engine.JRRuntimeException: java.lang.ClassNotFoundException: oracle.jdbc.OracleBlob
	at net.sf.jasperreports.engine.base.JRBaseField.getValueClass(JRBaseField.java:128)
	at net.sf.jasperreports.engine.fill.JRFillField.getValueClass(JRFillField.java:108)
	at net.sf.jasperreports.engine.JRResultSetDataSource.getFieldValue(JRResultSetDataSource.java:165)
	at net.sf.jasperreports.engine.fill.JRFillDataset.setOldValues(JRFillDataset.java:1489)
	at net.sf.jasperreports.engine.fill.JRFillDataset.next(JRFillDataset.java:1390)
	at net.sf.jasperreports.engine.fill.JRFillDataset.next(JRFillDataset.java:1366)
	at net.sf.jasperreports.engine.fill.JRBaseFiller.next(JRBaseFiller.java:1085)
	at net.sf.jasperreports.engine.fill.JRVerticalFiller.fillReport(JRVerticalFiller.java:113)
	at net.sf.jasperreports.engine.fill.JRBaseFiller.fill(JRBaseFiller.java:582)
	at net.sf.jasperreports.engine.fill.BaseReportFiller.fill(BaseReportFiller.java:396)
	at net.sf.jasperreports.engine.fill.JRFillSubreport.fillSubreport(JRFillSubreport.java:732)
	at net.sf.jasperreports.engine.fill.JRSubreportRunnable.run(JRSubreportRunnable.java:59)
	at net.sf.jasperreports.engine.fill.AbstractThreadSubreportRunner.run(AbstractThreadSubreportRunner.java:221)
	at java.util.concurrent.ThreadPoolExecutor.runWorker(ThreadPoolExecutor.java:1142)
	at java.util.concurrent.ThreadPoolExecutor$Worker.run(ThreadPoolExecutor.java:617)
	at java.lang.Thread.run(Thread.java:745)
Caused by: java.lang.ClassNotFoundException: oracle.jdbc.OracleBlob
	at org.glassfish.web.loader.WebappClassLoader.loadClass(WebappClassLoader.java:1783)
	at org.glassfish.web.loader.WebappClassLoader.loadClass(WebappClassLoader.java:1633)
	at java.lang.Class.forName0(Native Method)
	at java.lang.Class.forName(Class.java:348)
	at net.sf.jasperreports.engine.util.JRClassLoader.loadClassForRealName(JRClassLoader.java:174)
	at net.sf.jasperreports.engine.util.JRClassLoader.loadClassForName(JRClassLoader.java:114)
	at net.sf.jasperreports.engine.base.JRBaseField.getValueClass(JRBaseField.java:124)
	... 15 more
2018-01-05 01:07:43,730 [ERROR]-[fill.JRFillSubreport] net.sf.jasperreports.engine.fill.JRFillSubreport.prepare(JRFillSubreport.java:866): Fill 1: exception
net.sf.jasperreports.engine.JRRuntimeException: java.lang.ClassNotFoundException: oracle.jdbc.OracleBlob
	at net.sf.jasperreports.engine.base.JRBaseField.getValueClass(JRBaseField.java:128)
	at net.sf.jasperreports.engine.fill.JRFillField.getValueClass(JRFillField.java:108)
	at net.sf.jasperreports.engine.JRResultSetDataSource.getFieldValue(JRResultSetDataSource.java:165)
	at net.sf.jasperreports.engine.fill.JRFillDataset.setOldValues(JRFillDataset.java:1489)
	at net.sf.jasperreports.engine.fill.JRFillDataset.next(JRFillDataset.java:1390)
	at net.sf.jasperreports.engine.fill.JRFillDataset.next(JRFillDataset.java:1366)
	at net.sf.jasperreports.engine.fill.JRBaseFiller.next(JRBaseFiller.java:1085)
	at net.sf.jasperreports.engine.fill.JRVerticalFiller.fillReport(JRVerticalFiller.java:113)
	at net.sf.jasperreports.engine.fill.JRBaseFiller.fill(JRBaseFiller.java:582)
	at net.sf.jasperreports.engine.fill.BaseReportFiller.fill(BaseReportFiller.java:396)
	at net.sf.jasperreports.engine.fill.JRFillSubreport.fillSubreport(JRFillSubreport.java:732)
	at net.sf.jasperreports.engine.fill.JRSubreportRunnable.run(JRSubreportRunnable.java:59)
	at net.sf.jasperreports.engine.fill.AbstractThreadSubreportRunner.run(AbstractThreadSubreportRunner.java:221)
	at java.util.concurrent.ThreadPoolExecutor.runWorker(ThreadPoolExecutor.java:1142)
	at java.util.concurrent.ThreadPoolExecutor$Worker.run(ThreadPoolExecutor.java:617)
	at java.lang.Thread.run(Thread.java:745)
Caused by: java.lang.ClassNotFoundException: oracle.jdbc.OracleBlob
	at org.glassfish.web.loader.WebappClassLoader.loadClass(WebappClassLoader.java:1783)
	at org.glassfish.web.loader.WebappClassLoader.loadClass(WebappClassLoader.java:1633)
	at java.lang.Class.forName0(Native Method)
	at java.lang.Class.forName(Class.java:348)
	at net.sf.jasperreports.engine.util.JRClassLoader.loadClassForRealName(JRClassLoader.java:174)
	at net.sf.jasperreports.engine.util.JRClassLoader.loadClassForName(JRClassLoader.java:114)
	at net.sf.jasperreports.engine.base.JRBaseField.getValueClass(JRBaseField.java:124)
	... 15 more
2018-01-05 01:13:56,760 [ERROR]-[fill.JRFillSubreport] net.sf.jasperreports.engine.fill.JRFillSubreport.prepare(JRFillSubreport.java:866): Fill 1: exception
net.sf.jasperreports.engine.JRRuntimeException: java.lang.ClassNotFoundException: oracle.jdbc.OracleBlob
	at net.sf.jasperreports.engine.base.JRBaseField.getValueClass(JRBaseField.java:128)
	at net.sf.jasperreports.engine.fill.JRFillField.getValueClass(JRFillField.java:108)
	at net.sf.jasperreports.engine.JRResultSetDataSource.getFieldValue(JRResultSetDataSource.java:165)
	at net.sf.jasperreports.engine.fill.JRFillDataset.setOldValues(JRFillDataset.java:1489)
	at net.sf.jasperreports.engine.fill.JRFillDataset.next(JRFillDataset.java:1390)
	at net.sf.jasperreports.engine.fill.JRFillDataset.next(JRFillDataset.java:1366)
	at net.sf.jasperreports.engine.fill.JRBaseFiller.next(JRBaseFiller.java:1085)
	at net.sf.jasperreports.engine.fill.JRVerticalFiller.fillReport(JRVerticalFiller.java:113)
	at net.sf.jasperreports.engine.fill.JRBaseFiller.fill(JRBaseFiller.java:582)
	at net.sf.jasperreports.engine.fill.BaseReportFiller.fill(BaseReportFiller.java:396)
	at net.sf.jasperreports.engine.fill.JRFillSubreport.fillSubreport(JRFillSubreport.java:732)
	at net.sf.jasperreports.engine.fill.JRSubreportRunnable.run(JRSubreportRunnable.java:59)
	at net.sf.jasperreports.engine.fill.AbstractThreadSubreportRunner.run(AbstractThreadSubreportRunner.java:221)
	at java.util.concurrent.ThreadPoolExecutor.runWorker(ThreadPoolExecutor.java:1142)
	at java.util.concurrent.ThreadPoolExecutor$Worker.run(ThreadPoolExecutor.java:617)
	at java.lang.Thread.run(Thread.java:745)
Caused by: java.lang.ClassNotFoundException: oracle.jdbc.OracleBlob
	at org.glassfish.web.loader.WebappClassLoader.loadClass(WebappClassLoader.java:1783)
	at org.glassfish.web.loader.WebappClassLoader.loadClass(WebappClassLoader.java:1633)
	at java.lang.Class.forName0(Native Method)
	at java.lang.Class.forName(Class.java:348)
	at net.sf.jasperreports.engine.util.JRClassLoader.loadClassForRealName(JRClassLoader.java:174)
	at net.sf.jasperreports.engine.util.JRClassLoader.loadClassForName(JRClassLoader.java:114)
	at net.sf.jasperreports.engine.base.JRBaseField.getValueClass(JRBaseField.java:124)
	... 15 more
2018-01-05 01:13:56,760 [ERROR]-[fill.JRFillSubreport] net.sf.jasperreports.engine.fill.JRFillSubreport.prepare(JRFillSubreport.java:866): Fill 1: exception
net.sf.jasperreports.engine.JRRuntimeException: java.lang.ClassNotFoundException: oracle.jdbc.OracleBlob
	at net.sf.jasperreports.engine.base.JRBaseField.getValueClass(JRBaseField.java:128)
	at net.sf.jasperreports.engine.fill.JRFillField.getValueClass(JRFillField.java:108)
	at net.sf.jasperreports.engine.JRResultSetDataSource.getFieldValue(JRResultSetDataSource.java:165)
	at net.sf.jasperreports.engine.fill.JRFillDataset.setOldValues(JRFillDataset.java:1489)
	at net.sf.jasperreports.engine.fill.JRFillDataset.next(JRFillDataset.java:1390)
	at net.sf.jasperreports.engine.fill.JRFillDataset.next(JRFillDataset.java:1366)
	at net.sf.jasperreports.engine.fill.JRBaseFiller.next(JRBaseFiller.java:1085)
	at net.sf.jasperreports.engine.fill.JRVerticalFiller.fillReport(JRVerticalFiller.java:113)
	at net.sf.jasperreports.engine.fill.JRBaseFiller.fill(JRBaseFiller.java:582)
	at net.sf.jasperreports.engine.fill.BaseReportFiller.fill(BaseReportFiller.java:396)
	at net.sf.jasperreports.engine.fill.JRFillSubreport.fillSubreport(JRFillSubreport.java:732)
	at net.sf.jasperreports.engine.fill.JRSubreportRunnable.run(JRSubreportRunnable.java:59)
	at net.sf.jasperreports.engine.fill.AbstractThreadSubreportRunner.run(AbstractThreadSubreportRunner.java:221)
	at java.util.concurrent.ThreadPoolExecutor.runWorker(ThreadPoolExecutor.java:1142)
	at java.util.concurrent.ThreadPoolExecutor$Worker.run(ThreadPoolExecutor.java:617)
	at java.lang.Thread.run(Thread.java:745)
Caused by: java.lang.ClassNotFoundException: oracle.jdbc.OracleBlob
	at org.glassfish.web.loader.WebappClassLoader.loadClass(WebappClassLoader.java:1783)
	at org.glassfish.web.loader.WebappClassLoader.loadClass(WebappClassLoader.java:1633)
	at java.lang.Class.forName0(Native Method)
	at java.lang.Class.forName(Class.java:348)
	at net.sf.jasperreports.engine.util.JRClassLoader.loadClassForRealName(JRClassLoader.java:174)
	at net.sf.jasperreports.engine.util.JRClassLoader.loadClassForName(JRClassLoader.java:114)
	at net.sf.jasperreports.engine.base.JRBaseField.getValueClass(JRBaseField.java:124)
	... 15 more
2018-01-05 01:52:41,143 [ERROR]-[fill.JRFillSubreport] net.sf.jasperreports.engine.fill.JRFillSubreport.prepare(JRFillSubreport.java:866): Fill 1: exception
net.sf.jasperreports.engine.JRRuntimeException: java.lang.ClassNotFoundException: oracle.jdbc.OracleBlob
	at net.sf.jasperreports.engine.base.JRBaseField.getValueClass(JRBaseField.java:128)
	at net.sf.jasperreports.engine.fill.JRFillField.getValueClass(JRFillField.java:108)
	at net.sf.jasperreports.engine.JRResultSetDataSource.getFieldValue(JRResultSetDataSource.java:165)
	at net.sf.jasperreports.engine.fill.JRFillDataset.setOldValues(JRFillDataset.java:1489)
	at net.sf.jasperreports.engine.fill.JRFillDataset.next(JRFillDataset.java:1390)
	at net.sf.jasperreports.engine.fill.JRFillDataset.next(JRFillDataset.java:1366)
	at net.sf.jasperreports.engine.fill.JRBaseFiller.next(JRBaseFiller.java:1085)
	at net.sf.jasperreports.engine.fill.JRVerticalFiller.fillReport(JRVerticalFiller.java:113)
	at net.sf.jasperreports.engine.fill.JRBaseFiller.fill(JRBaseFiller.java:582)
	at net.sf.jasperreports.engine.fill.BaseReportFiller.fill(BaseReportFiller.java:396)
	at net.sf.jasperreports.engine.fill.JRFillSubreport.fillSubreport(JRFillSubreport.java:732)
	at net.sf.jasperreports.engine.fill.JRSubreportRunnable.run(JRSubreportRunnable.java:59)
	at net.sf.jasperreports.engine.fill.AbstractThreadSubreportRunner.run(AbstractThreadSubreportRunner.java:221)
	at java.util.concurrent.ThreadPoolExecutor.runWorker(ThreadPoolExecutor.java:1142)
	at java.util.concurrent.ThreadPoolExecutor$Worker.run(ThreadPoolExecutor.java:617)
	at java.lang.Thread.run(Thread.java:745)
Caused by: java.lang.ClassNotFoundException: oracle.jdbc.OracleBlob
	at org.glassfish.web.loader.WebappClassLoader.loadClass(WebappClassLoader.java:1783)
	at org.glassfish.web.loader.WebappClassLoader.loadClass(WebappClassLoader.java:1633)
	at java.lang.Class.forName0(Native Method)
	at java.lang.Class.forName(Class.java:348)
	at net.sf.jasperreports.engine.util.JRClassLoader.loadClassForRealName(JRClassLoader.java:174)
	at net.sf.jasperreports.engine.util.JRClassLoader.loadClassForName(JRClassLoader.java:114)
	at net.sf.jasperreports.engine.base.JRBaseField.getValueClass(JRBaseField.java:124)
	... 15 more
2018-01-05 01:52:41,143 [ERROR]-[fill.JRFillSubreport] net.sf.jasperreports.engine.fill.JRFillSubreport.prepare(JRFillSubreport.java:866): Fill 1: exception
net.sf.jasperreports.engine.JRRuntimeException: java.lang.ClassNotFoundException: oracle.jdbc.OracleBlob
	at net.sf.jasperreports.engine.base.JRBaseField.getValueClass(JRBaseField.java:128)
	at net.sf.jasperreports.engine.fill.JRFillField.getValueClass(JRFillField.java:108)
	at net.sf.jasperreports.engine.JRResultSetDataSource.getFieldValue(JRResultSetDataSource.java:165)
	at net.sf.jasperreports.engine.fill.JRFillDataset.setOldValues(JRFillDataset.java:1489)
	at net.sf.jasperreports.engine.fill.JRFillDataset.next(JRFillDataset.java:1390)
	at net.sf.jasperreports.engine.fill.JRFillDataset.next(JRFillDataset.java:1366)
	at net.sf.jasperreports.engine.fill.JRBaseFiller.next(JRBaseFiller.java:1085)
	at net.sf.jasperreports.engine.fill.JRVerticalFiller.fillReport(JRVerticalFiller.java:113)
	at net.sf.jasperreports.engine.fill.JRBaseFiller.fill(JRBaseFiller.java:582)
	at net.sf.jasperreports.engine.fill.BaseReportFiller.fill(BaseReportFiller.java:396)
	at net.sf.jasperreports.engine.fill.JRFillSubreport.fillSubreport(JRFillSubreport.java:732)
	at net.sf.jasperreports.engine.fill.JRSubreportRunnable.run(JRSubreportRunnable.java:59)
	at net.sf.jasperreports.engine.fill.AbstractThreadSubreportRunner.run(AbstractThreadSubreportRunner.java:221)
	at java.util.concurrent.ThreadPoolExecutor.runWorker(ThreadPoolExecutor.java:1142)
	at java.util.concurrent.ThreadPoolExecutor$Worker.run(ThreadPoolExecutor.java:617)
	at java.lang.Thread.run(Thread.java:745)
Caused by: java.lang.ClassNotFoundException: oracle.jdbc.OracleBlob
	at org.glassfish.web.loader.WebappClassLoader.loadClass(WebappClassLoader.java:1783)
	at org.glassfish.web.loader.WebappClassLoader.loadClass(WebappClassLoader.java:1633)
	at java.lang.Class.forName0(Native Method)
	at java.lang.Class.forName(Class.java:348)
	at net.sf.jasperreports.engine.util.JRClassLoader.loadClassForRealName(JRClassLoader.java:174)
	at net.sf.jasperreports.engine.util.JRClassLoader.loadClassForName(JRClassLoader.java:114)
	at net.sf.jasperreports.engine.base.JRBaseField.getValueClass(JRBaseField.java:124)
	... 15 more
2018-01-05 01:54:59,735 [ERROR]-[fill.JRFillSubreport] net.sf.jasperreports.engine.fill.JRFillSubreport.prepare(JRFillSubreport.java:866): Fill 1: exception
net.sf.jasperreports.engine.JRRuntimeException: java.lang.ClassNotFoundException: oracle.jdbc.OracleBlob
	at net.sf.jasperreports.engine.base.JRBaseField.getValueClass(JRBaseField.java:128)
	at net.sf.jasperreports.engine.fill.JRFillField.getValueClass(JRFillField.java:108)
	at net.sf.jasperreports.engine.JRResultSetDataSource.getFieldValue(JRResultSetDataSource.java:165)
	at net.sf.jasperreports.engine.fill.JRFillDataset.setOldValues(JRFillDataset.java:1489)
	at net.sf.jasperreports.engine.fill.JRFillDataset.next(JRFillDataset.java:1390)
	at net.sf.jasperreports.engine.fill.JRFillDataset.next(JRFillDataset.java:1366)
	at net.sf.jasperreports.engine.fill.JRBaseFiller.next(JRBaseFiller.java:1085)
	at net.sf.jasperreports.engine.fill.JRVerticalFiller.fillReport(JRVerticalFiller.java:113)
	at net.sf.jasperreports.engine.fill.JRBaseFiller.fill(JRBaseFiller.java:582)
	at net.sf.jasperreports.engine.fill.BaseReportFiller.fill(BaseReportFiller.java:396)
	at net.sf.jasperreports.engine.fill.JRFillSubreport.fillSubreport(JRFillSubreport.java:732)
	at net.sf.jasperreports.engine.fill.JRSubreportRunnable.run(JRSubreportRunnable.java:59)
	at net.sf.jasperreports.engine.fill.AbstractThreadSubreportRunner.run(AbstractThreadSubreportRunner.java:221)
	at java.util.concurrent.ThreadPoolExecutor.runWorker(ThreadPoolExecutor.java:1142)
	at java.util.concurrent.ThreadPoolExecutor$Worker.run(ThreadPoolExecutor.java:617)
	at java.lang.Thread.run(Thread.java:745)
Caused by: java.lang.ClassNotFoundException: oracle.jdbc.OracleBlob
	at org.glassfish.web.loader.WebappClassLoader.loadClass(WebappClassLoader.java:1783)
	at org.glassfish.web.loader.WebappClassLoader.loadClass(WebappClassLoader.java:1633)
	at java.lang.Class.forName0(Native Method)
	at java.lang.Class.forName(Class.java:348)
	at net.sf.jasperreports.engine.util.JRClassLoader.loadClassForRealName(JRClassLoader.java:174)
	at net.sf.jasperreports.engine.util.JRClassLoader.loadClassForName(JRClassLoader.java:114)
	at net.sf.jasperreports.engine.base.JRBaseField.getValueClass(JRBaseField.java:124)
	... 15 more
2018-01-05 01:54:59,735 [ERROR]-[fill.JRFillSubreport] net.sf.jasperreports.engine.fill.JRFillSubreport.prepare(JRFillSubreport.java:866): Fill 1: exception
net.sf.jasperreports.engine.JRRuntimeException: java.lang.ClassNotFoundException: oracle.jdbc.OracleBlob
	at net.sf.jasperreports.engine.base.JRBaseField.getValueClass(JRBaseField.java:128)
	at net.sf.jasperreports.engine.fill.JRFillField.getValueClass(JRFillField.java:108)
	at net.sf.jasperreports.engine.JRResultSetDataSource.getFieldValue(JRResultSetDataSource.java:165)
	at net.sf.jasperreports.engine.fill.JRFillDataset.setOldValues(JRFillDataset.java:1489)
	at net.sf.jasperreports.engine.fill.JRFillDataset.next(JRFillDataset.java:1390)
	at net.sf.jasperreports.engine.fill.JRFillDataset.next(JRFillDataset.java:1366)
	at net.sf.jasperreports.engine.fill.JRBaseFiller.next(JRBaseFiller.java:1085)
	at net.sf.jasperreports.engine.fill.JRVerticalFiller.fillReport(JRVerticalFiller.java:113)
	at net.sf.jasperreports.engine.fill.JRBaseFiller.fill(JRBaseFiller.java:582)
	at net.sf.jasperreports.engine.fill.BaseReportFiller.fill(BaseReportFiller.java:396)
	at net.sf.jasperreports.engine.fill.JRFillSubreport.fillSubreport(JRFillSubreport.java:732)
	at net.sf.jasperreports.engine.fill.JRSubreportRunnable.run(JRSubreportRunnable.java:59)
	at net.sf.jasperreports.engine.fill.AbstractThreadSubreportRunner.run(AbstractThreadSubreportRunner.java:221)
	at java.util.concurrent.ThreadPoolExecutor.runWorker(ThreadPoolExecutor.java:1142)
	at java.util.concurrent.ThreadPoolExecutor$Worker.run(ThreadPoolExecutor.java:617)
	at java.lang.Thread.run(Thread.java:745)
Caused by: java.lang.ClassNotFoundException: oracle.jdbc.OracleBlob
	at org.glassfish.web.loader.WebappClassLoader.loadClass(WebappClassLoader.java:1783)
	at org.glassfish.web.loader.WebappClassLoader.loadClass(WebappClassLoader.java:1633)
	at java.lang.Class.forName0(Native Method)
	at java.lang.Class.forName(Class.java:348)
	at net.sf.jasperreports.engine.util.JRClassLoader.loadClassForRealName(JRClassLoader.java:174)
	at net.sf.jasperreports.engine.util.JRClassLoader.loadClassForName(JRClassLoader.java:114)
	at net.sf.jasperreports.engine.base.JRBaseField.getValueClass(JRBaseField.java:124)
	... 15 more
2018-01-24 11:05:31,524 [DEBUG]-[webapp.AppServletContextListener] de.oc.integration.jasper.webapp.AppServletContextListener.contextDestroyed(Unknown Source): contextDestroyed() called
2018-01-24 11:05:31,526 [DEBUG]-[webapp.AppServletContextListener] de.oc.integration.jasper.webapp.AppServletContextListener.contextDestroyed(Unknown Source): contextDestroyed() finished!
2018-01-24 11:06:08,041 [DEBUG]-[webapp.AppServletContextListener] de.oc.integration.jasper.webapp.AppServletContextListener.contextInitialized(Unknown Source): contextInitialized() called
2018-01-24 11:06:08,047 [DEBUG]-[webapp.AppServletContextListener] de.oc.integration.jasper.webapp.AppServletContextListener.contextInitialized(Unknown Source): contextInitialized() finished!
2018-01-30 16:35:15,074 [DEBUG]-[webapp.AppServletContextListener] de.oc.integration.jasper.webapp.AppServletContextListener.contextDestroyed(Unknown Source): contextDestroyed() called
2018-01-30 16:35:15,081 [DEBUG]-[webapp.AppServletContextListener] de.oc.integration.jasper.webapp.AppServletContextListener.contextDestroyed(Unknown Source): contextDestroyed() finished!
2018-01-30 16:52:13,061 [DEBUG]-[webapp.AppServletContextListener] de.oc.integration.jasper.webapp.AppServletContextListener.contextInitialized(Unknown Source): contextInitialized() called
2018-01-30 16:52:13,085 [DEBUG]-[webapp.AppServletContextListener] de.oc.integration.jasper.webapp.AppServletContextListener.contextInitialized(Unknown Source): contextInitialized() finished!
2018-01-30 16:52:19,270 [DEBUG]-[webapp.AppServletContextListener] de.oc.integration.jasper.webapp.AppServletContextListener.contextDestroyed(Unknown Source): contextDestroyed() called
2018-01-30 16:52:19,270 [DEBUG]-[webapp.AppServletContextListener] de.oc.integration.jasper.webapp.AppServletContextListener.contextDestroyed(Unknown Source): contextDestroyed() finished!
2018-01-30 16:53:18,176 [DEBUG]-[webapp.AppServletContextListener] de.oc.integration.jasper.webapp.AppServletContextListener.contextInitialized(Unknown Source): contextInitialized() called
2018-01-30 16:53:18,180 [DEBUG]-[webapp.AppServletContextListener] de.oc.integration.jasper.webapp.AppServletContextListener.contextInitialized(Unknown Source): contextInitialized() finished!
2018-01-31 13:15:10,888 [DEBUG]-[webapp.AppServletContextListener] de.oc.integration.jasper.webapp.AppServletContextListener.contextDestroyed(Unknown Source): contextDestroyed() called
2018-01-31 13:15:10,892 [DEBUG]-[webapp.AppServletContextListener] de.oc.integration.jasper.webapp.AppServletContextListener.contextDestroyed(Unknown Source): contextDestroyed() finished!
2018-01-31 13:30:05,538 [DEBUG]-[webapp.AppServletContextListener] de.oc.integration.jasper.webapp.AppServletContextListener.contextInitialized(Unknown Source): contextInitialized() called
2018-01-31 13:30:05,553 [DEBUG]-[webapp.AppServletContextListener] de.oc.integration.jasper.webapp.AppServletContextListener.contextInitialized(Unknown Source): contextInitialized() finished!
2018-01-31 13:56:50,158 [DEBUG]-[webapp.AppServletContextListener] de.oc.integration.jasper.webapp.AppServletContextListener.contextDestroyed(Unknown Source): contextDestroyed() called
2018-01-31 13:56:50,166 [DEBUG]-[webapp.AppServletContextListener] de.oc.integration.jasper.webapp.AppServletContextListener.contextDestroyed(Unknown Source): contextDestroyed() finished!
2018-01-31 13:56:58,824 [DEBUG]-[webapp.AppServletContextListener] de.oc.integration.jasper.webapp.AppServletContextListener.contextInitialized(Unknown Source): contextInitialized() called
2018-01-31 13:56:58,829 [DEBUG]-[webapp.AppServletContextListener] de.oc.integration.jasper.webapp.AppServletContextListener.contextInitialized(Unknown Source): contextInitialized() finished!
